{
  "success": true,
  "failureReason": "",
  "pluginPath": "./zig-out/lib/libonnxruntime_doe_ep.so",
  "ortLibraryPath": "libonnxruntime.so.1.23",
  "ortRuntimeVersion": "1.23.2",
  "ortHeaderApiVersion": 26,
  "ortApiVersionRequested": 23,
  "selectedEp": {
    "discoveredDeviceCount": 3,
    "name": "DoeExecutionProvider",
    "vendor": "Doe",
    "hardwareDeviceType": "OrtHardwareDeviceType_GPU"
  },
  "pluginDebug": {
    "symbolsLoaded": true,
    "finalCounters": {
      "getCapabilityCalls": 3,
      "claimedNodes": 4,
      "claimedIdentityNodes": 0,
      "claimedAddNodes": 2,
      "claimedReluNodes": 2,
      "compileCalls": 3,
      "compiledIdentityGroups": 0,
      "compiledAddGroups": 1,
      "compiledReluGroups": 1,
      "compiledAddReluGroups": 1,
      "createStateCalls": 3,
      "computeCalls": 3,
      "computeIdentityCalls": 0,
      "computeAddCalls": 1,
      "computeReluCalls": 1,
      "computeAddReluCalls": 1,
      "releaseStateCalls": 3
    }
  },
  "operations": {
    "registerExecutionProviderLibrary": {
      "ok": true,
      "code": "ORT_OK",
      "message": ""
    },
    "getEpDevices": {
      "ok": true,
      "code": "ORT_OK",
      "message": ""
    },
    "appendExecutionProviderV2": {
      "ok": true,
      "code": "ORT_OK",
      "message": ""
    }
  },
  "cases": [
    {
      "caseName": "add",
      "modelKind": "Add",
      "success": true,
      "failureReason": "",
      "sessionInputsHaveEpDevice": true,
      "outputsMatch": true,
      "routedThroughDoe": true,
      "expectedClaimedNodes": 1,
      "expectedOutputShape": [1, 4],
      "actualOutputShape": [1, 4],
      "expectedOutput": [11, 22, 33, 44],
      "actualOutput": [11, 22, 33, 44],
      "debugCountersBefore": {
        "getCapabilityCalls": 0,
        "claimedNodes": 0,
        "claimedIdentityNodes": 0,
        "claimedAddNodes": 0,
        "claimedReluNodes": 0,
        "compileCalls": 0,
        "compiledIdentityGroups": 0,
        "compiledAddGroups": 0,
        "compiledReluGroups": 0,
        "compiledAddReluGroups": 0,
        "createStateCalls": 0,
        "computeCalls": 0,
        "computeIdentityCalls": 0,
        "computeAddCalls": 0,
        "computeReluCalls": 0,
        "computeAddReluCalls": 0,
        "releaseStateCalls": 0
      },
      "debugCountersAfter": {
        "getCapabilityCalls": 1,
        "claimedNodes": 1,
        "claimedIdentityNodes": 0,
        "claimedAddNodes": 1,
        "claimedReluNodes": 0,
        "compileCalls": 1,
        "compiledIdentityGroups": 0,
        "compiledAddGroups": 1,
        "compiledReluGroups": 0,
        "compiledAddReluGroups": 0,
        "createStateCalls": 1,
        "computeCalls": 1,
        "computeIdentityCalls": 0,
        "computeAddCalls": 1,
        "computeReluCalls": 0,
        "computeAddReluCalls": 0,
        "releaseStateCalls": 1
      },
      "debugCountersDelta": {
        "getCapabilityCalls": 1,
        "claimedNodes": 1,
        "claimedIdentityNodes": 0,
        "claimedAddNodes": 1,
        "claimedReluNodes": 0,
        "compileCalls": 1,
        "compiledIdentityGroups": 0,
        "compiledAddGroups": 1,
        "compiledReluGroups": 0,
        "compiledAddReluGroups": 0,
        "createStateCalls": 1,
        "computeCalls": 1,
        "computeIdentityCalls": 0,
        "computeAddCalls": 1,
        "computeReluCalls": 0,
        "computeAddReluCalls": 0,
        "releaseStateCalls": 1
      },
      "operations": {
        "createModel": {
          "ok": true,
          "code": "ORT_OK",
          "message": ""
        },
        "createSessionFromModel": {
          "ok": true,
          "code": "ORT_OK",
          "message": ""
        },
        "run": {
          "ok": true,
          "code": "ORT_OK",
          "message": ""
        }
      }
    },
    {
      "caseName": "relu",
      "modelKind": "Relu",
      "success": true,
      "failureReason": "",
      "sessionInputsHaveEpDevice": true,
      "outputsMatch": true,
      "routedThroughDoe": true,
      "expectedClaimedNodes": 1,
      "expectedOutputShape": [1, 4],
      "actualOutputShape": [1, 4],
      "expectedOutput": [0, 0, 0, 3],
      "actualOutput": [0, 0, 0, 3],
      "debugCountersBefore": {
        "getCapabilityCalls": 1,
        "claimedNodes": 1,
        "claimedIdentityNodes": 0,
        "claimedAddNodes": 1,
        "claimedReluNodes": 0,
        "compileCalls": 1,
        "compiledIdentityGroups": 0,
        "compiledAddGroups": 1,
        "compiledReluGroups": 0,
        "compiledAddReluGroups": 0,
        "createStateCalls": 1,
        "computeCalls": 1,
        "computeIdentityCalls": 0,
        "computeAddCalls": 1,
        "computeReluCalls": 0,
        "computeAddReluCalls": 0,
        "releaseStateCalls": 1
      },
      "debugCountersAfter": {
        "getCapabilityCalls": 2,
        "claimedNodes": 2,
        "claimedIdentityNodes": 0,
        "claimedAddNodes": 1,
        "claimedReluNodes": 1,
        "compileCalls": 2,
        "compiledIdentityGroups": 0,
        "compiledAddGroups": 1,
        "compiledReluGroups": 1,
        "compiledAddReluGroups": 0,
        "createStateCalls": 2,
        "computeCalls": 2,
        "computeIdentityCalls": 0,
        "computeAddCalls": 1,
        "computeReluCalls": 1,
        "computeAddReluCalls": 0,
        "releaseStateCalls": 2
      },
      "debugCountersDelta": {
        "getCapabilityCalls": 1,
        "claimedNodes": 1,
        "claimedIdentityNodes": 0,
        "claimedAddNodes": 0,
        "claimedReluNodes": 1,
        "compileCalls": 1,
        "compiledIdentityGroups": 0,
        "compiledAddGroups": 0,
        "compiledReluGroups": 1,
        "compiledAddReluGroups": 0,
        "createStateCalls": 1,
        "computeCalls": 1,
        "computeIdentityCalls": 0,
        "computeAddCalls": 0,
        "computeReluCalls": 1,
        "computeAddReluCalls": 0,
        "releaseStateCalls": 1
      },
      "operations": {
        "createModel": {
          "ok": true,
          "code": "ORT_OK",
          "message": ""
        },
        "createSessionFromModel": {
          "ok": true,
          "code": "ORT_OK",
          "message": ""
        },
        "run": {
          "ok": true,
          "code": "ORT_OK",
          "message": ""
        }
      }
    },
    {
      "caseName": "add_relu",
      "modelKind": "Add->Relu",
      "success": true,
      "failureReason": "",
      "sessionInputsHaveEpDevice": true,
      "outputsMatch": true,
      "routedThroughDoe": true,
      "expectedClaimedNodes": 2,
      "expectedOutputShape": [1, 4],
      "actualOutputShape": [1, 4],
      "expectedOutput": [0, 0, 3, 6],
      "actualOutput": [0, 0, 3, 6],
      "debugCountersBefore": {
        "getCapabilityCalls": 2,
        "claimedNodes": 2,
        "claimedIdentityNodes": 0,
        "claimedAddNodes": 1,
        "claimedReluNodes": 1,
        "compileCalls": 2,
        "compiledIdentityGroups": 0,
        "compiledAddGroups": 1,
        "compiledReluGroups": 1,
        "compiledAddReluGroups": 0,
        "createStateCalls": 2,
        "computeCalls": 2,
        "computeIdentityCalls": 0,
        "computeAddCalls": 1,
        "computeReluCalls": 1,
        "computeAddReluCalls": 0,
        "releaseStateCalls": 2
      },
      "debugCountersAfter": {
        "getCapabilityCalls": 3,
        "claimedNodes": 4,
        "claimedIdentityNodes": 0,
        "claimedAddNodes": 2,
        "claimedReluNodes": 2,
        "compileCalls": 3,
        "compiledIdentityGroups": 0,
        "compiledAddGroups": 1,
        "compiledReluGroups": 1,
        "compiledAddReluGroups": 1,
        "createStateCalls": 3,
        "computeCalls": 3,
        "computeIdentityCalls": 0,
        "computeAddCalls": 1,
        "computeReluCalls": 1,
        "computeAddReluCalls": 1,
        "releaseStateCalls": 3
      },
      "debugCountersDelta": {
        "getCapabilityCalls": 1,
        "claimedNodes": 2,
        "claimedIdentityNodes": 0,
        "claimedAddNodes": 1,
        "claimedReluNodes": 1,
        "compileCalls": 1,
        "compiledIdentityGroups": 0,
        "compiledAddGroups": 0,
        "compiledReluGroups": 0,
        "compiledAddReluGroups": 1,
        "createStateCalls": 1,
        "computeCalls": 1,
        "computeIdentityCalls": 0,
        "computeAddCalls": 0,
        "computeReluCalls": 0,
        "computeAddReluCalls": 1,
        "releaseStateCalls": 1
      },
      "operations": {
        "createModel": {
          "ok": true,
          "code": "ORT_OK",
          "message": ""
        },
        "createSessionFromModel": {
          "ok": true,
          "code": "ORT_OK",
          "message": ""
        },
        "run": {
          "ok": true,
          "code": "ORT_OK",
          "message": ""
        }
      }
    }
  ]
}
