[pipeline] compare: /usr/bin/python3 /home/x/deco/fawn/bench/compare_dawn_vs_fawn.py --config bench/compare_dawn_vs_fawn.config.amd.vulkan.release.json --out bench/out/20260224T215843Z/dawn-vs-fawn.amd.vulkan.release.json --workspace bench/out/20260224T215843Z/runtime-comparisons.amd.vulkan.release --timestamp 20260224T215843Z
Traceback (most recent call last):
  File "/home/x/deco/fawn/bench/compare_dawn_vs_fawn.py", line 1823, in <module>
    raise SystemExit(main())
                     ~~~~^^
  File "/home/x/deco/fawn/bench/compare_dawn_vs_fawn.py", line 1537, in main
    right = run_workload(
        name=args.right_name,
    ...<16 lines>...
        emit_shell=args.emit_shell,
    )
  File "/home/x/deco/fawn/bench/compare_dawn_vs_fawn.py", line 1082, in run_workload
    run_once(
    ~~~~~~~~^
        command,
        ^^^^^^^^
    ...<2 lines>...
        resource_sample_target_count=resource_sample_target_count,
        ^^^^^^^^^^^^^^^^^^^^^^^^^^^^^^^^^^^^^^^^^^^^^^^^^^^^^^^^^^
    )
    ^
  File "/home/x/deco/fawn/bench/compare_dawn_vs_fawn.py", line 929, in run_once
    popen.wait(timeout=sample_interval_s)
    ~~~~~~~~~~^^^^^^^^^^^^^^^^^^^^^^^^^^^
  File "/usr/lib/python3.13/subprocess.py", line 1277, in wait
    return self._wait(timeout=timeout)
           ~~~~~~~~~~^^^^^^^^^^^^^^^^^
  File "/usr/lib/python3.13/subprocess.py", line 2057, in _wait
    time.sleep(delay)
    ~~~~~~~~~~^^^^^^^
KeyboardInterrupt
Traceback (most recent call last):
  File "/home/x/deco/fawn/bench/run_release_pipeline.py", line 752, in <module>
    raise SystemExit(main())
                     ~~~~^^
  File "/home/x/deco/fawn/bench/run_release_pipeline.py", line 487, in main
    run_step("compare", compare_command, dry_run=args.dry_run)
    ~~~~~~~~^^^^^^^^^^^^^^^^^^^^^^^^^^^^^^^^^^^^^^^^^^^^^^^^^^
  File "/home/x/deco/fawn/bench/run_release_pipeline.py", line 319, in run_step
    subprocess.run(command, check=True)
    ~~~~~~~~~~~~~~^^^^^^^^^^^^^^^^^^^^^
  File "/usr/lib/python3.13/subprocess.py", line 556, in run
    stdout, stderr = process.communicate(input, timeout=timeout)
                     ~~~~~~~~~~~~~~~~~~~^^^^^^^^^^^^^^^^^^^^^^^^
  File "/usr/lib/python3.13/subprocess.py", line 1214, in communicate
    self.wait()
    ~~~~~~~~~^^
  File "/usr/lib/python3.13/subprocess.py", line 1277, in wait
    return self._wait(timeout=timeout)
           ~~~~~~~~~~^^^^^^^^^^^^^^^^^
  File "/usr/lib/python3.13/subprocess.py", line 2063, in _wait
    (pid, sts) = self._try_wait(0)
                 ~~~~~~~~~~~~~~^^^
  File "/usr/lib/python3.13/subprocess.py", line 2021, in _try_wait
    (pid, sts) = os.waitpid(self.pid, wait_flags)
                 ~~~~~~~~~~^^^^^^^^^^^^^^^^^^^^^^
KeyboardInterrupt
