{
  "success": true,
  "failureReason": "",
  "pluginPath": "./zig-out/lib/libonnxruntime_doe_ep.so",
  "ortLibraryPath": "libonnxruntime.so.1.23",
  "ortRuntimeVersion": "1.23.2",
  "ortHeaderApiVersion": 26,
  "ortApiVersionRequested": 23,
  "selectedEp": {
    "discoveredDeviceCount": 3,
    "name": "DoeExecutionProvider",
    "vendor": "Doe",
    "hardwareDeviceType": "OrtHardwareDeviceType_GPU"
  },
  "session": {
    "inputHasEpDevice": true,
    "inputValue": 3.500000,
    "outputValue": 3.500000
  },
  "pluginDebug": {
    "symbolsLoaded": true,
    "getCapabilityCalls": 1,
    "claimedNodes": 1,
    "compileCalls": 1,
    "createStateCalls": 1,
    "computeCalls": 1,
    "releaseStateCalls": 1
  },
  "operations": {
    "registerExecutionProviderLibrary": {
      "ok": true,
      "code": "ORT_OK",
      "message": ""
    },
    "getEpDevices": {
      "ok": true,
      "code": "ORT_OK",
      "message": ""
    },
    "appendExecutionProviderV2": {
      "ok": true,
      "code": "ORT_OK",
      "message": ""
    },
    "createIdentityModel": {
      "ok": true,
      "code": "ORT_OK",
      "message": ""
    },
    "createSessionFromModel": {
      "ok": true,
      "code": "ORT_OK",
      "message": ""
    },
    "runIdentitySession": {
      "ok": true,
      "code": "ORT_OK",
      "message": ""
    }
  }
}
